Start testing: Jul 05 11:49 MSK
----------------------------------------------------------
1/2 Testing: test_TransportManager_InstanceTest
1/2 Test: test_TransportManager_InstanceTest
Command: "/home/dchmerev/AppLink/git/test/components/transport_manager/test_TransportManager_InstanceTest"
Directory: /home/dchmerev/AppLink/git/test/components/transport_manager
"test_TransportManager_InstanceTest" start time: Jul 05 11:49 MSK
Output:
----------------------------------------------------------
Running main() from gtest_main.cc
[==========] Running 1 test from 1 test case.
[----------] Global test environment set-up.
[----------] 1 test from test_transport_manager_instance
[ RUN      ] test_transport_manager_instance.test_transport_manager_instance
[       OK ] test_transport_manager_instance.test_transport_manager_instance (0 ms)
[----------] 1 test from test_transport_manager_instance (0 ms total)

[----------] Global test environment tear-down
[==========] 1 test from 1 test case ran. (0 ms total)
[  PASSED  ] 1 test.
<end of output>
Test time =   0.01 sec
----------------------------------------------------------
Test Passed.
"test_TransportManager_InstanceTest" end time: Jul 05 11:49 MSK
"test_TransportManager_InstanceTest" time elapsed: 00:00:00
----------------------------------------------------------

2/2 Testing: test_TransportManager_SecondTest
2/2 Test: test_TransportManager_SecondTest
Command: "/home/dchmerev/AppLink/git/test/components/transport_manager/test_TransportManager_SecondTest"
Directory: /home/dchmerev/AppLink/git/test/components/transport_manager
"test_TransportManager_SecondTest" start time: Jul 05 11:49 MSK
Output:
----------------------------------------------------------
Running main() from gtest_main.cc
[==========] Running 2 tests from 1 test case.
[----------] Global test environment set-up.
[----------] 2 tests from TransportManagerImpl
[ RUN      ] TransportManagerImpl.instance
[       OK ] TransportManagerImpl.instance (0 ms)
[ RUN      ] TransportManagerImpl.connect
[       OK ] TransportManagerImpl.connect (0 ms)
[----------] 2 tests from TransportManagerImpl (0 ms total)

[----------] Global test environment tear-down
[==========] 2 tests from 1 test case ran. (0 ms total)
[  PASSED  ] 2 tests.
/home/dchmerev/AppLink/git/test/components/transport_manager/src/transport_manager.cc:74: Failure
Actual function call count doesn't match EXPECT_CALL(*mdal, onDataSendFailed(_, _, _, _))...
         Expected: to be called once
           Actual: never called - unsatisfied and active
/home/dchmerev/AppLink/git/test/components/transport_manager/src/transport_manager.cc:73: Failure
Actual function call count doesn't match EXPECT_CALL(*mdal, onDataSendDone(_, _, _))...
         Expected: to be called once
           Actual: never called - unsatisfied and active
<end of output>
Test time =   0.01 sec
----------------------------------------------------------
Test Passed.
"test_TransportManager_SecondTest" end time: Jul 05 11:49 MSK
"test_TransportManager_SecondTest" time elapsed: 00:00:00
----------------------------------------------------------

End testing: Jul 05 11:49 MSK
